  [1m[35m (161.1ms)[0m  [1m[35mCREATE DATABASE "explore_and_learn" ENCODING = 'unicode'[0m
  [1m[35m (85.2ms)[0m  [1m[35mCREATE DATABASE "explore_and_learn_test" ENCODING = 'unicode'[0m
  [1m[35m (10.7ms)[0m  [1m[35mCREATE TABLE "schema_migrations" ("version" character varying NOT NULL PRIMARY KEY)[0m
  [1m[35m (5.8ms)[0m  [1m[35mCREATE TABLE "ar_internal_metadata" ("key" character varying NOT NULL PRIMARY KEY, "value" character varying, "created_at" timestamp(6) NOT NULL, "updated_at" timestamp(6) NOT NULL)[0m
  [1m[35m (0.9ms)[0m  [1m[34mSELECT pg_try_advisory_lock(3608755482648692145)[0m
  [1m[35m (0.8ms)[0m  [1m[34mSELECT "schema_migrations"."version" FROM "schema_migrations" ORDER BY "schema_migrations"."version" ASC[0m
  [1m[36mActiveRecord::InternalMetadata Load (0.9ms)[0m  [1m[34mSELECT "ar_internal_metadata".* FROM "ar_internal_metadata" WHERE "ar_internal_metadata"."key" = $1 LIMIT $2[0m  [["key", "environment"], ["LIMIT", 1]]
  [1m[35m (0.2ms)[0m  [1m[35mBEGIN[0m
  [1m[36mActiveRecord::InternalMetadata Create (1.2ms)[0m  [1m[32mINSERT INTO "ar_internal_metadata" ("key", "value", "created_at", "updated_at") VALUES ($1, $2, $3, $4) RETURNING "key"[0m  [["key", "environment"], ["value", "development"], ["created_at", "2020-06-02 09:44:45.524836"], ["updated_at", "2020-06-02 09:44:45.524836"]]
  [1m[35m (0.5ms)[0m  [1m[35mCOMMIT[0m
  [1m[35m (0.3ms)[0m  [1m[34mSELECT pg_advisory_unlock(3608755482648692145)[0m
  [1m[35m (0.7ms)[0m  [1m[34mSELECT "schema_migrations"."version" FROM "schema_migrations" ORDER BY "schema_migrations"."version" ASC[0m
Started GET "/" for ::1 at 2020-06-02 15:16:29 +0530
Processing by Rails::WelcomeController#index as HTML
  Rendering /Users/pavan/.rvm/gems/ruby-2.6.6/gems/railties-6.0.3.1/lib/rails/templates/rails/welcome/index.html.erb
  Rendered /Users/pavan/.rvm/gems/ruby-2.6.6/gems/railties-6.0.3.1/lib/rails/templates/rails/welcome/index.html.erb (Duration: 8.8ms | Allocations: 474)
Completed 200 OK in 36ms (Views: 15.5ms | ActiveRecord: 0.0ms | Allocations: 3218)


  
ActionController::RoutingError (No route matches [GET] "/assets/default-explore-2320f21577a518be787b38c277c405bd251efe926ac5d32921f5d4f4c7a9dd72.jpg"):
  
actionpack (6.0.3.1) lib/action_dispatch/middleware/debug_exceptions.rb:36:in `call'
web-console (4.0.2) lib/web_console/middleware.rb:132:in `call_app'
web-console (4.0.2) lib/web_console/middleware.rb:28:in `block in call'
web-console (4.0.2) lib/web_console/middleware.rb:17:in `catch'
web-console (4.0.2) lib/web_console/middleware.rb:17:in `call'
actionpack (6.0.3.1) lib/action_dispatch/middleware/show_exceptions.rb:33:in `call'
railties (6.0.3.1) lib/rails/rack/logger.rb:37:in `call_app'
railties (6.0.3.1) lib/rails/rack/logger.rb:26:in `block in call'
activesupport (6.0.3.1) lib/active_support/tagged_logging.rb:80:in `block in tagged'
activesupport (6.0.3.1) lib/active_support/tagged_logging.rb:28:in `tagged'
activesupport (6.0.3.1) lib/active_support/tagged_logging.rb:80:in `tagged'
railties (6.0.3.1) lib/rails/rack/logger.rb:26:in `call'
sprockets-rails (3.2.1) lib/sprockets/rails/quiet_assets.rb:11:in `block in call'
activesupport (6.0.3.1) lib/active_support/logger_silence.rb:36:in `silence'
activesupport (6.0.3.1) lib/active_support/logger.rb:64:in `block (3 levels) in broadcast'
activesupport (6.0.3.1) lib/active_support/logger_silence.rb:36:in `silence'
activesupport (6.0.3.1) lib/active_support/logger.rb:62:in `block (2 levels) in broadcast'
sprockets-rails (3.2.1) lib/sprockets/rails/quiet_assets.rb:11:in `call'
actionpack (6.0.3.1) lib/action_dispatch/middleware/remote_ip.rb:81:in `call'
actionpack (6.0.3.1) lib/action_dispatch/middleware/request_id.rb:27:in `call'
rack (2.2.2) lib/rack/method_override.rb:24:in `call'
rack (2.2.2) lib/rack/runtime.rb:22:in `call'
activesupport (6.0.3.1) lib/active_support/cache/strategy/local_cache_middleware.rb:29:in `call'
actionpack (6.0.3.1) lib/action_dispatch/middleware/executor.rb:14:in `call'
actionpack (6.0.3.1) lib/action_dispatch/middleware/static.rb:126:in `call'
rack (2.2.2) lib/rack/sendfile.rb:110:in `call'
actionpack (6.0.3.1) lib/action_dispatch/middleware/host_authorization.rb:82:in `call'
webpacker (4.2.2) lib/webpacker/dev_server_proxy.rb:23:in `perform_request'
rack-proxy (0.6.5) lib/rack/proxy.rb:57:in `call'
railties (6.0.3.1) lib/rails/engine.rb:527:in `call'
puma (4.3.5) lib/puma/configuration.rb:228:in `call'
puma (4.3.5) lib/puma/server.rb:713:in `handle_request'
puma (4.3.5) lib/puma/server.rb:472:in `process_client'
puma (4.3.5) lib/puma/server.rb:328:in `block in run'
puma (4.3.5) lib/puma/thread_pool.rb:134:in `block in spawn_thread'
Started GET "/" for ::1 at 2020-06-02 15:35:48 +0530
Processing by Rails::WelcomeController#index as HTML
  Rendering /Users/pavan/.rvm/gems/ruby-2.6.6/gems/railties-6.0.3.1/lib/rails/templates/rails/welcome/index.html.erb
  Rendered /Users/pavan/.rvm/gems/ruby-2.6.6/gems/railties-6.0.3.1/lib/rails/templates/rails/welcome/index.html.erb (Duration: 6.6ms | Allocations: 309)
Completed 200 OK in 17ms (Views: 9.8ms | ActiveRecord: 0.0ms | Allocations: 2183)


Started GET "/" for ::1 at 2020-06-02 15:35:50 +0530
Processing by Rails::WelcomeController#index as HTML
  Rendering /Users/pavan/.rvm/gems/ruby-2.6.6/gems/railties-6.0.3.1/lib/rails/templates/rails/welcome/index.html.erb
  Rendered /Users/pavan/.rvm/gems/ruby-2.6.6/gems/railties-6.0.3.1/lib/rails/templates/rails/welcome/index.html.erb (Duration: 7.1ms | Allocations: 185)
Completed 200 OK in 13ms (Views: 7.9ms | ActiveRecord: 0.0ms | Allocations: 1266)


Started GET "/" for ::1 at 2020-06-02 15:36:27 +0530
Processing by Rails::WelcomeController#index as HTML
  Rendering /Users/pavan/.rvm/gems/ruby-2.6.6/gems/railties-6.0.3.1/lib/rails/templates/rails/welcome/index.html.erb
  Rendered /Users/pavan/.rvm/gems/ruby-2.6.6/gems/railties-6.0.3.1/lib/rails/templates/rails/welcome/index.html.erb (Duration: 0.2ms | Allocations: 8)
Completed 200 OK in 3ms (Views: 0.6ms | ActiveRecord: 0.0ms | Allocations: 782)


Started GET "/" for ::1 at 2020-06-02 15:42:14 +0530
Processing by Rails::WelcomeController#index as HTML
  Rendering /Users/pavan/.rvm/gems/ruby-2.6.6/gems/railties-6.0.3.1/lib/rails/templates/rails/welcome/index.html.erb
  Rendered /Users/pavan/.rvm/gems/ruby-2.6.6/gems/railties-6.0.3.1/lib/rails/templates/rails/welcome/index.html.erb (Duration: 0.3ms | Allocations: 8)
Completed 200 OK in 6ms (Views: 3.7ms | ActiveRecord: 0.0ms | Allocations: 781)


Started GET "/" for ::1 at 2020-06-02 15:49:57 +0530
Processing by PagesController#welcome as HTML
  Parameters: {"page"=>"home"}
  Rendering pages/welcome.html.erb within layouts/application
  Rendered pages/welcome.html.erb within layouts/application (Duration: 0.9ms | Allocations: 190)
Completed 200 OK in 57ms (Views: 52.7ms | ActiveRecord: 0.0ms | Allocations: 13916)


Started GET "/" for ::1 at 2020-06-02 15:49:59 +0530
Processing by PagesController#welcome as HTML
  Parameters: {"page"=>"home"}
  Rendering pages/welcome.html.erb within layouts/application
  Rendered pages/welcome.html.erb within layouts/application (Duration: 0.0ms | Allocations: 5)
Completed 200 OK in 6ms (Views: 3.4ms | ActiveRecord: 0.0ms | Allocations: 3144)


Started GET "/" for 127.0.0.1 at 2020-06-02 15:50:46 +0530
Processing by PagesController#welcome as HTML
  Parameters: {"page"=>"home"}
  Rendering pages/welcome.html.erb within layouts/application
  Rendered pages/welcome.html.erb within layouts/application (Duration: 10.6ms | Allocations: 4522)
Completed 500 Internal Server Error in 14ms (ActiveRecord: 0.0ms | Allocations: 6130)


  
ActionView::Template::Error (Webpacker can't find hello in /Users/pavan/workspace/explore_and_learn/public/packs/manifest.json. Possible causes:
1. You want to set webpacker.yml value of compile to true for your environment
   unless you are using the `webpack -w` or the webpack-dev-server.
2. webpack has not yet re-run to reflect updates.
3. You have misconfigured Webpacker's config/webpacker.yml file.
4. Your webpack configuration is not creating a manifest.
Your manifest contains:
{
  "application.js": "/packs/js/application-b5c3dcfce06af86f0bf4.js",
  "application.js.map": "/packs/js/application-b5c3dcfce06af86f0bf4.js.map",
  "entrypoints": {
    "application": {
      "js": [
        "/packs/js/application-b5c3dcfce06af86f0bf4.js"
      ],
      "js.map": [
        "/packs/js/application-b5c3dcfce06af86f0bf4.js.map"
      ]
    },
    "hello_react": {
      "js": [
        "/packs/js/hello_react-4b9dbb178df0cf8c9edd.js"
      ],
      "js.map": [
        "/packs/js/hello_react-4b9dbb178df0cf8c9edd.js.map"
      ]
    }
  },
  "hello_react.js": "/packs/js/hello_react-4b9dbb178df0cf8c9edd.js",
  "hello_react.js.map": "/packs/js/hello_react-4b9dbb178df0cf8c9edd.js.map"
}
):
    1: <%= javascript_pack_tag 'hello', 'data-turbolinks-track': 'reload' %>
  
app/views/pages/welcome.html.erb:1
Started GET "/" for 127.0.0.1 at 2020-06-02 15:55:13 +0530
Processing by PagesController#welcome as HTML
  Parameters: {"page"=>"home"}
  Rendering pages/welcome.html.erb within layouts/application
  Rendered pages/welcome.html.erb within layouts/application (Duration: 2.6ms | Allocations: 1892)
Completed 500 Internal Server Error in 6ms (ActiveRecord: 0.0ms | Allocations: 3515)


  
ActionView::Template::Error (Webpacker can't find welcome in /Users/pavan/workspace/explore_and_learn/public/packs/manifest.json. Possible causes:
1. You want to set webpacker.yml value of compile to true for your environment
   unless you are using the `webpack -w` or the webpack-dev-server.
2. webpack has not yet re-run to reflect updates.
3. You have misconfigured Webpacker's config/webpacker.yml file.
4. Your webpack configuration is not creating a manifest.
Your manifest contains:
{
  "application.js": "/packs/js/application-b5c3dcfce06af86f0bf4.js",
  "application.js.map": "/packs/js/application-b5c3dcfce06af86f0bf4.js.map",
  "entrypoints": {
    "application": {
      "js": [
        "/packs/js/application-b5c3dcfce06af86f0bf4.js"
      ],
      "js.map": [
        "/packs/js/application-b5c3dcfce06af86f0bf4.js.map"
      ]
    },
    "hello_react": {
      "js": [
        "/packs/js/hello_react-4b9dbb178df0cf8c9edd.js"
      ],
      "js.map": [
        "/packs/js/hello_react-4b9dbb178df0cf8c9edd.js.map"
      ]
    }
  },
  "hello_react.js": "/packs/js/hello_react-4b9dbb178df0cf8c9edd.js",
  "hello_react.js.map": "/packs/js/hello_react-4b9dbb178df0cf8c9edd.js.map"
}
):
    1: <%= javascript_pack_tag 'welcome' %>
  
app/views/pages/welcome.html.erb:1
Started GET "/" for 127.0.0.1 at 2020-06-02 16:07:33 +0530
Processing by PagesController#welcome as HTML
  Parameters: {"page"=>"home"}
  Rendering pages/welcome.html.erb within layouts/application
  Rendered pages/welcome.html.erb within layouts/application (Duration: 4.0ms | Allocations: 1802)
Completed 500 Internal Server Error in 6ms (ActiveRecord: 0.0ms | Allocations: 2702)


  
ActionView::Template::Error (Webpacker can't find welcome in /Users/pavan/workspace/explore_and_learn/public/packs/manifest.json. Possible causes:
1. You want to set webpacker.yml value of compile to true for your environment
   unless you are using the `webpack -w` or the webpack-dev-server.
2. webpack has not yet re-run to reflect updates.
3. You have misconfigured Webpacker's config/webpacker.yml file.
4. Your webpack configuration is not creating a manifest.
Your manifest contains:
{
  "application.js": "/packs/js/application-b5c3dcfce06af86f0bf4.js",
  "application.js.map": "/packs/js/application-b5c3dcfce06af86f0bf4.js.map",
  "entrypoints": {
    "application": {
      "js": [
        "/packs/js/application-b5c3dcfce06af86f0bf4.js"
      ],
      "js.map": [
        "/packs/js/application-b5c3dcfce06af86f0bf4.js.map"
      ]
    },
    "hello_react": {
      "js": [
        "/packs/js/hello_react-4b9dbb178df0cf8c9edd.js"
      ],
      "js.map": [
        "/packs/js/hello_react-4b9dbb178df0cf8c9edd.js.map"
      ]
    }
  },
  "hello_react.js": "/packs/js/hello_react-4b9dbb178df0cf8c9edd.js",
  "hello_react.js.map": "/packs/js/hello_react-4b9dbb178df0cf8c9edd.js.map"
}
):
    1: <%= javascript_pack_tag 'welcome' %>
  
app/views/pages/welcome.html.erb:1
Started GET "/" for 127.0.0.1 at 2020-06-02 16:13:53 +0530
Processing by PagesController#welcome as HTML
  Parameters: {"page"=>"home"}
  Rendering pages/welcome.html.erb within layouts/application
  Rendered pages/welcome.html.erb within layouts/application (Duration: 1.9ms | Allocations: 1801)
Completed 500 Internal Server Error in 3ms (ActiveRecord: 0.0ms | Allocations: 2700)


  
ActionView::Template::Error (Webpacker can't find welcome in /Users/pavan/workspace/explore_and_learn/public/packs/manifest.json. Possible causes:
1. You want to set webpacker.yml value of compile to true for your environment
   unless you are using the `webpack -w` or the webpack-dev-server.
2. webpack has not yet re-run to reflect updates.
3. You have misconfigured Webpacker's config/webpacker.yml file.
4. Your webpack configuration is not creating a manifest.
Your manifest contains:
{
  "application.js": "/packs/js/application-caaf2258fdd9c5e18689.js",
  "application.js.map": "/packs/js/application-caaf2258fdd9c5e18689.js.map",
  "entrypoints": {
    "application": {
      "js": [
        "/packs/js/application-caaf2258fdd9c5e18689.js"
      ],
      "js.map": [
        "/packs/js/application-caaf2258fdd9c5e18689.js.map"
      ]
    },
    "hello_react": {
      "js": [
        "/packs/js/hello_react-4b9dbb178df0cf8c9edd.js"
      ],
      "js.map": [
        "/packs/js/hello_react-4b9dbb178df0cf8c9edd.js.map"
      ]
    }
  },
  "hello_react.js": "/packs/js/hello_react-4b9dbb178df0cf8c9edd.js",
  "hello_react.js.map": "/packs/js/hello_react-4b9dbb178df0cf8c9edd.js.map"
}
):
    1: <%= javascript_pack_tag 'welcome' %>
  
app/views/pages/welcome.html.erb:1
Started GET "/" for 127.0.0.1 at 2020-06-02 16:14:07 +0530
Processing by PagesController#welcome as HTML
  Parameters: {"page"=>"home"}
  Rendering pages/welcome.html.erb within layouts/application
  Rendered pages/welcome.html.erb within layouts/application (Duration: 0.4ms | Allocations: 85)
Completed 200 OK in 11ms (Views: 9.8ms | ActiveRecord: 0.0ms | Allocations: 4130)


Started GET "/" for 127.0.0.1 at 2020-06-02 16:16:36 +0530
Processing by PagesController#welcome as HTML
  Parameters: {"page"=>"home"}
  Rendering pages/welcome.html.erb within layouts/application
  Rendered pages/welcome.html.erb within layouts/application (Duration: 2.9ms | Allocations: 1889)
Completed 500 Internal Server Error in 6ms (ActiveRecord: 0.0ms | Allocations: 3485)


  
ActionView::Template::Error (Webpacker can't find welcome in /Users/pavan/workspace/explore_and_learn/public/packs/manifest.json. Possible causes:
1. You want to set webpacker.yml value of compile to true for your environment
   unless you are using the `webpack -w` or the webpack-dev-server.
2. webpack has not yet re-run to reflect updates.
3. You have misconfigured Webpacker's config/webpacker.yml file.
4. Your webpack configuration is not creating a manifest.
Your manifest contains:
{
  "application.js": "/packs/js/application-e6d1b834fe455341386d.js",
  "application.js.map": "/packs/js/application-e6d1b834fe455341386d.js.map",
  "entrypoints": {
    "application": {
      "js": [
        "/packs/js/application-e6d1b834fe455341386d.js"
      ],
      "js.map": [
        "/packs/js/application-e6d1b834fe455341386d.js.map"
      ]
    },
    "hello_react": {
      "js": [
        "/packs/js/hello_react-4b9dbb178df0cf8c9edd.js"
      ],
      "js.map": [
        "/packs/js/hello_react-4b9dbb178df0cf8c9edd.js.map"
      ]
    }
  },
  "hello_react.js": "/packs/js/hello_react-4b9dbb178df0cf8c9edd.js",
  "hello_react.js.map": "/packs/js/hello_react-4b9dbb178df0cf8c9edd.js.map"
}
):
    1: <%= javascript_pack_tag 'welcome' %>
  
app/views/pages/welcome.html.erb:1
Started GET "/" for 127.0.0.1 at 2020-06-02 16:28:50 +0530
Processing by PagesController#welcome as HTML
  Parameters: {"page"=>"home"}
  Rendering pages/welcome.html.erb within layouts/application
  Rendered pages/welcome.html.erb within layouts/application (Duration: 2.5ms | Allocations: 1801)
Completed 500 Internal Server Error in 5ms (ActiveRecord: 0.0ms | Allocations: 2695)


  
ActionView::Template::Error (Webpacker can't find welcome in /Users/pavan/workspace/explore_and_learn/public/packs/manifest.json. Possible causes:
1. You want to set webpacker.yml value of compile to true for your environment
   unless you are using the `webpack -w` or the webpack-dev-server.
2. webpack has not yet re-run to reflect updates.
3. You have misconfigured Webpacker's config/webpacker.yml file.
4. Your webpack configuration is not creating a manifest.
Your manifest contains:
{
  "application.js": "/packs/js/application-0538461f59e9ad2b73e0.js",
  "application.js.map": "/packs/js/application-0538461f59e9ad2b73e0.js.map",
  "entrypoints": {
    "application": {
      "js": [
        "/packs/js/application-0538461f59e9ad2b73e0.js"
      ],
      "js.map": [
        "/packs/js/application-0538461f59e9ad2b73e0.js.map"
      ]
    },
    "hello_react": {
      "js": [
        "/packs/js/hello_react-4b9dbb178df0cf8c9edd.js"
      ],
      "js.map": [
        "/packs/js/hello_react-4b9dbb178df0cf8c9edd.js.map"
      ]
    }
  },
  "hello_react.js": "/packs/js/hello_react-4b9dbb178df0cf8c9edd.js",
  "hello_react.js.map": "/packs/js/hello_react-4b9dbb178df0cf8c9edd.js.map"
}
):
    1: <%= javascript_pack_tag 'welcome' %>
  
app/views/pages/welcome.html.erb:1
Started GET "/" for 127.0.0.1 at 2020-06-02 16:28:56 +0530
Processing by PagesController#welcome as HTML
  Parameters: {"page"=>"home"}
  Rendering pages/welcome.html.erb within layouts/application
  Rendered pages/welcome.html.erb within layouts/application (Duration: 3.7ms | Allocations: 1801)
Completed 500 Internal Server Error in 5ms (ActiveRecord: 0.0ms | Allocations: 2694)


  
ActionView::Template::Error (Webpacker can't find welcome in /Users/pavan/workspace/explore_and_learn/public/packs/manifest.json. Possible causes:
1. You want to set webpacker.yml value of compile to true for your environment
   unless you are using the `webpack -w` or the webpack-dev-server.
2. webpack has not yet re-run to reflect updates.
3. You have misconfigured Webpacker's config/webpacker.yml file.
4. Your webpack configuration is not creating a manifest.
Your manifest contains:
{
  "application.js": "/packs/js/application-0538461f59e9ad2b73e0.js",
  "application.js.map": "/packs/js/application-0538461f59e9ad2b73e0.js.map",
  "entrypoints": {
    "application": {
      "js": [
        "/packs/js/application-0538461f59e9ad2b73e0.js"
      ],
      "js.map": [
        "/packs/js/application-0538461f59e9ad2b73e0.js.map"
      ]
    },
    "hello_react": {
      "js": [
        "/packs/js/hello_react-4b9dbb178df0cf8c9edd.js"
      ],
      "js.map": [
        "/packs/js/hello_react-4b9dbb178df0cf8c9edd.js.map"
      ]
    }
  },
  "hello_react.js": "/packs/js/hello_react-4b9dbb178df0cf8c9edd.js",
  "hello_react.js.map": "/packs/js/hello_react-4b9dbb178df0cf8c9edd.js.map"
}
):
    1: <%= javascript_pack_tag 'welcome' %>
  
app/views/pages/welcome.html.erb:1
Started GET "/" for 127.0.0.1 at 2020-06-02 16:32:59 +0530
Processing by PagesController#welcome as HTML
  Parameters: {"page"=>"home"}
  Rendering pages/welcome.html.erb within layouts/application
  Rendered pages/welcome.html.erb within layouts/application (Duration: 2.3ms | Allocations: 1801)
Completed 500 Internal Server Error in 4ms (ActiveRecord: 0.0ms | Allocations: 2694)


  
ActionView::Template::Error (Webpacker can't find welcome in /Users/pavan/workspace/explore_and_learn/public/packs/manifest.json. Possible causes:
1. You want to set webpacker.yml value of compile to true for your environment
   unless you are using the `webpack -w` or the webpack-dev-server.
2. webpack has not yet re-run to reflect updates.
3. You have misconfigured Webpacker's config/webpacker.yml file.
4. Your webpack configuration is not creating a manifest.
Your manifest contains:
{
  "application.js": "/packs/js/application-b5c3dcfce06af86f0bf4.js",
  "application.js.map": "/packs/js/application-b5c3dcfce06af86f0bf4.js.map",
  "entrypoints": {
    "application": {
      "js": [
        "/packs/js/application-b5c3dcfce06af86f0bf4.js"
      ],
      "js.map": [
        "/packs/js/application-b5c3dcfce06af86f0bf4.js.map"
      ]
    },
    "hello_react": {
      "js": [
        "/packs/js/hello_react-4b9dbb178df0cf8c9edd.js"
      ],
      "js.map": [
        "/packs/js/hello_react-4b9dbb178df0cf8c9edd.js.map"
      ]
    }
  },
  "hello_react.js": "/packs/js/hello_react-4b9dbb178df0cf8c9edd.js",
  "hello_react.js.map": "/packs/js/hello_react-4b9dbb178df0cf8c9edd.js.map"
}
):
    1: <%= javascript_pack_tag 'welcome' %>
  
app/views/pages/welcome.html.erb:1
Started GET "/" for 127.0.0.1 at 2020-06-02 16:33:37 +0530
Processing by PagesController#welcome as HTML
  Parameters: {"page"=>"home"}
  Rendering pages/welcome.html.erb within layouts/application
  Rendered pages/welcome.html.erb within layouts/application (Duration: 2.3ms | Allocations: 1024)
Completed 200 OK in 13ms (Views: 10.9ms | ActiveRecord: 0.0ms | Allocations: 4242)


Started GET "/" for 127.0.0.1 at 2020-06-02 16:33:41 +0530
Processing by PagesController#welcome as HTML
  Parameters: {"page"=>"home"}
  Rendering pages/welcome.html.erb within layouts/application
  Rendered pages/welcome.html.erb within layouts/application (Duration: 2.4ms | Allocations: 1022)
Completed 200 OK in 9ms (Views: 6.3ms | ActiveRecord: 0.0ms | Allocations: 4063)


Started GET "/" for 127.0.0.1 at 2020-06-02 16:34:00 +0530
Processing by PagesController#welcome as HTML
  Parameters: {"page"=>"home"}
  Rendering pages/welcome.html.erb within layouts/application
  Rendered pages/welcome.html.erb within layouts/application (Duration: 2.1ms | Allocations: 1022)
Completed 200 OK in 12ms (Views: 10.1ms | ActiveRecord: 0.0ms | Allocations: 4062)


Started GET "/" for 127.0.0.1 at 2020-06-02 16:34:05 +0530
Processing by PagesController#welcome as HTML
  Parameters: {"page"=>"home"}
  Rendering pages/welcome.html.erb within layouts/application
  Rendered pages/welcome.html.erb within layouts/application (Duration: 2.8ms | Allocations: 1022)
Completed 200 OK in 13ms (Views: 12.4ms | ActiveRecord: 0.0ms | Allocations: 4047)


Started GET "/" for 127.0.0.1 at 2020-06-02 16:34:06 +0530
Processing by PagesController#welcome as HTML
  Parameters: {"page"=>"home"}
  Rendering pages/welcome.html.erb within layouts/application
  Rendered pages/welcome.html.erb within layouts/application (Duration: 4.2ms | Allocations: 1022)
Completed 200 OK in 11ms (Views: 9.6ms | ActiveRecord: 0.0ms | Allocations: 4053)


Started GET "/" for 127.0.0.1 at 2020-06-02 16:42:08 +0530
Processing by PagesController#welcome as HTML
  Parameters: {"page"=>"home"}
  Rendering pages/welcome.html.erb within layouts/application
  Rendered pages/welcome.html.erb within layouts/application (Duration: 5.6ms | Allocations: 1022)
Completed 200 OK in 13ms (Views: 11.7ms | ActiveRecord: 0.0ms | Allocations: 4059)


Started GET "/" for 127.0.0.1 at 2020-06-02 16:42:47 +0530
Processing by PagesController#welcome as HTML
  Parameters: {"page"=>"home"}
  Rendering pages/welcome.html.erb within layouts/application
  Rendered pages/welcome.html.erb within layouts/application (Duration: 6.4ms | Allocations: 1022)
Completed 200 OK in 19ms (Views: 15.2ms | ActiveRecord: 0.0ms | Allocations: 4051)


Started GET "/" for 127.0.0.1 at 2020-06-02 16:43:05 +0530
Processing by PagesController#welcome as HTML
  Parameters: {"page"=>"home"}
  Rendering pages/welcome.html.erb within layouts/application
  Rendered pages/welcome.html.erb within layouts/application (Duration: 1.6ms | Allocations: 1022)
Completed 200 OK in 11ms (Views: 8.2ms | ActiveRecord: 0.0ms | Allocations: 4063)


Started GET "/" for 127.0.0.1 at 2020-06-02 16:43:10 +0530
Processing by PagesController#welcome as HTML
  Parameters: {"page"=>"home"}
  Rendering pages/welcome.html.erb within layouts/application
  Rendered pages/welcome.html.erb within layouts/application (Duration: 2.0ms | Allocations: 1022)
Completed 200 OK in 8ms (Views: 7.2ms | ActiveRecord: 0.0ms | Allocations: 4055)


Started GET "/" for 127.0.0.1 at 2020-06-02 16:43:11 +0530
Processing by PagesController#welcome as HTML
  Parameters: {"page"=>"home"}
  Rendering pages/welcome.html.erb within layouts/application
  Rendered pages/welcome.html.erb within layouts/application (Duration: 2.2ms | Allocations: 1022)
Completed 200 OK in 7ms (Views: 5.7ms | ActiveRecord: 0.0ms | Allocations: 4062)


Started GET "/" for 127.0.0.1 at 2020-06-02 16:43:23 +0530
Processing by PagesController#welcome as HTML
  Parameters: {"page"=>"home"}
  Rendering pages/welcome.html.erb within layouts/application
  Rendered pages/welcome.html.erb within layouts/application (Duration: 2.0ms | Allocations: 1022)
Completed 200 OK in 8ms (Views: 5.9ms | ActiveRecord: 0.0ms | Allocations: 4045)


Started GET "/" for 127.0.0.1 at 2020-06-02 16:43:54 +0530
Processing by PagesController#welcome as HTML
  Parameters: {"page"=>"home"}
  Rendering pages/welcome.html.erb within layouts/application
  Rendered pages/welcome.html.erb within layouts/application (Duration: 1.6ms | Allocations: 1022)
Completed 200 OK in 53ms (Views: 51.0ms | ActiveRecord: 0.0ms | Allocations: 4061)


Started GET "/" for 127.0.0.1 at 2020-06-02 16:43:59 +0530
Processing by PagesController#welcome as HTML
  Parameters: {"page"=>"home"}
  Rendering pages/welcome.html.erb within layouts/application
  Rendered pages/welcome.html.erb within layouts/application (Duration: 5.3ms | Allocations: 1022)
Completed 200 OK in 13ms (Views: 9.7ms | ActiveRecord: 0.0ms | Allocations: 4037)


Started GET "/" for 127.0.0.1 at 2020-06-02 16:44:09 +0530
Processing by PagesController#welcome as HTML
  Parameters: {"page"=>"home"}
  Rendering pages/welcome.html.erb within layouts/application
  Rendered pages/welcome.html.erb within layouts/application (Duration: 1.3ms | Allocations: 1022)
Completed 200 OK in 6ms (Views: 4.5ms | ActiveRecord: 0.0ms | Allocations: 4057)


Started GET "/" for 127.0.0.1 at 2020-06-02 16:44:12 +0530
Processing by PagesController#welcome as HTML
  Parameters: {"page"=>"home"}
  Rendering pages/welcome.html.erb within layouts/application
  Rendered pages/welcome.html.erb within layouts/application (Duration: 6.3ms | Allocations: 1022)
Completed 200 OK in 11ms (Views: 10.2ms | ActiveRecord: 0.0ms | Allocations: 4063)


Started GET "/" for 127.0.0.1 at 2020-06-02 16:44:15 +0530
Processing by PagesController#welcome as HTML
  Parameters: {"page"=>"home"}
  Rendering pages/welcome.html.erb within layouts/application
  Rendered pages/welcome.html.erb within layouts/application (Duration: 2.4ms | Allocations: 1022)
Completed 200 OK in 7ms (Views: 6.1ms | ActiveRecord: 0.0ms | Allocations: 4053)


Started GET "/" for 127.0.0.1 at 2020-06-02 16:44:24 +0530
Processing by PagesController#welcome as HTML
  Parameters: {"page"=>"home"}
  Rendering pages/welcome.html.erb within layouts/application
  Rendered pages/welcome.html.erb within layouts/application (Duration: 1.5ms | Allocations: 1022)
Completed 200 OK in 7ms (Views: 5.2ms | ActiveRecord: 0.0ms | Allocations: 4051)


Started GET "/" for 127.0.0.1 at 2020-06-02 16:44:39 +0530
Processing by PagesController#welcome as HTML
  Parameters: {"page"=>"home"}
  Rendering pages/welcome.html.erb within layouts/application
  Rendered pages/welcome.html.erb within layouts/application (Duration: 1.9ms | Allocations: 1022)
Completed 200 OK in 8ms (Views: 5.8ms | ActiveRecord: 0.0ms | Allocations: 4055)


Started GET "/" for 127.0.0.1 at 2020-06-02 16:44:44 +0530
Processing by PagesController#welcome as HTML
  Parameters: {"page"=>"home"}
  Rendering pages/welcome.html.erb within layouts/application
  Rendered pages/welcome.html.erb within layouts/application (Duration: 2.0ms | Allocations: 1022)
Completed 200 OK in 8ms (Views: 6.6ms | ActiveRecord: 0.0ms | Allocations: 4063)


Started GET "/" for 127.0.0.1 at 2020-06-02 16:45:20 +0530
Processing by PagesController#welcome as HTML
  Parameters: {"page"=>"home"}
  Rendering pages/welcome.html.erb within layouts/application
  Rendered pages/welcome.html.erb within layouts/application (Duration: 5.4ms | Allocations: 1022)
Completed 200 OK in 16ms (Views: 13.2ms | ActiveRecord: 0.0ms | Allocations: 4055)


Started GET "/" for 127.0.0.1 at 2020-06-02 16:45:29 +0530
Processing by PagesController#welcome as HTML
  Parameters: {"page"=>"home"}
  Rendering pages/welcome.html.erb within layouts/application
  Rendered pages/welcome.html.erb within layouts/application (Duration: 2.6ms | Allocations: 1022)
Completed 200 OK in 7ms (Views: 6.0ms | ActiveRecord: 0.0ms | Allocations: 4049)


Started GET "/" for 127.0.0.1 at 2020-06-02 16:45:33 +0530
Processing by PagesController#welcome as HTML
  Parameters: {"page"=>"home"}
  Rendering pages/welcome.html.erb within layouts/application
  Rendered pages/welcome.html.erb within layouts/application (Duration: 1.8ms | Allocations: 1022)
Completed 200 OK in 9ms (Views: 6.1ms | ActiveRecord: 0.0ms | Allocations: 4070)


Started GET "/" for 127.0.0.1 at 2020-06-02 16:45:45 +0530
Processing by PagesController#welcome as HTML
  Parameters: {"page"=>"home"}
  Rendering pages/welcome.html.erb within layouts/application
  Rendered pages/welcome.html.erb within layouts/application (Duration: 1.8ms | Allocations: 1022)
Completed 200 OK in 8ms (Views: 6.6ms | ActiveRecord: 0.0ms | Allocations: 4067)


Started GET "/" for 127.0.0.1 at 2020-06-02 16:50:31 +0530
Processing by PagesController#welcome as HTML
  Parameters: {"page"=>"home"}
  Rendering pages/welcome.html.erb within layouts/application
  Rendered pages/welcome.html.erb within layouts/application (Duration: 3.5ms | Allocations: 1022)
Completed 200 OK in 17ms (Views: 15.2ms | ActiveRecord: 0.0ms | Allocations: 4049)


Started GET "/" for 127.0.0.1 at 2020-06-02 16:51:01 +0530
Processing by PagesController#welcome as HTML
  Parameters: {"page"=>"home"}
  Rendering pages/welcome.html.erb within layouts/application
  Rendered pages/welcome.html.erb within layouts/application (Duration: 2.9ms | Allocations: 1022)
Completed 200 OK in 9ms (Views: 8.2ms | ActiveRecord: 0.0ms | Allocations: 4055)


Started GET "/" for 127.0.0.1 at 2020-06-02 16:52:24 +0530
Processing by PagesController#welcome as HTML
  Parameters: {"page"=>"home"}
  Rendering pages/welcome.html.erb within layouts/application
  Rendered pages/welcome.html.erb within layouts/application (Duration: 4.1ms | Allocations: 1022)
Completed 200 OK in 15ms (Views: 12.7ms | ActiveRecord: 0.0ms | Allocations: 4051)


Started GET "/" for 127.0.0.1 at 2020-06-02 16:53:07 +0530
Processing by PagesController#welcome as HTML
  Parameters: {"page"=>"home"}
  Rendering pages/welcome.html.erb within layouts/application
  Rendered pages/welcome.html.erb within layouts/application (Duration: 1.7ms | Allocations: 1022)
Completed 200 OK in 8ms (Views: 6.1ms | ActiveRecord: 0.0ms | Allocations: 4057)


Started GET "/" for ::1 at 2020-06-02 16:56:03 +0530
Processing by PagesController#welcome as HTML
  Parameters: {"page"=>"home"}
  Rendering pages/welcome.html.erb within layouts/application
  Rendered pages/welcome.html.erb within layouts/application (Duration: 3.4ms | Allocations: 1022)
Completed 200 OK in 12ms (Views: 11.4ms | ActiveRecord: 0.0ms | Allocations: 4049)


Started GET "/" for ::1 at 2020-06-02 16:56:12 +0530
Processing by PagesController#welcome as HTML
  Parameters: {"page"=>"home"}
  Rendering pages/welcome.html.erb within layouts/application
  Rendered pages/welcome.html.erb within layouts/application (Duration: 4.4ms | Allocations: 1022)
Completed 200 OK in 17ms (Views: 14.2ms | ActiveRecord: 0.0ms | Allocations: 4059)


Started GET "/" for ::1 at 2020-06-02 16:56:34 +0530
Processing by PagesController#welcome as HTML
  Parameters: {"page"=>"home"}
  Rendering pages/welcome.html.erb within layouts/application
  Rendered pages/welcome.html.erb within layouts/application (Duration: 1.6ms | Allocations: 1022)
Completed 200 OK in 44ms (Views: 43.2ms | ActiveRecord: 0.0ms | Allocations: 3583)


Started GET "/" for 127.0.0.1 at 2020-06-02 16:57:56 +0530
Processing by PagesController#welcome as HTML
  Parameters: {"page"=>"home"}
  Rendering pages/welcome.html.erb within layouts/application
  Rendered pages/welcome.html.erb within layouts/application (Duration: 1.9ms | Allocations: 1022)
Completed 200 OK in 8ms (Views: 6.8ms | ActiveRecord: 0.0ms | Allocations: 4059)


Started GET "/" for ::1 at 2020-06-02 16:58:46 +0530
Processing by PagesController#welcome as HTML
  Parameters: {"page"=>"home"}
  Rendering pages/welcome.html.erb within layouts/application
  Rendered pages/welcome.html.erb within layouts/application (Duration: 1.6ms | Allocations: 1022)
Completed 200 OK in 6ms (Views: 5.6ms | ActiveRecord: 0.0ms | Allocations: 3673)


Started GET "/" for 127.0.0.1 at 2020-06-02 16:58:46 +0530
Processing by PagesController#welcome as HTML
  Parameters: {"page"=>"home"}
  Rendering pages/welcome.html.erb within layouts/application
  Rendered pages/welcome.html.erb within layouts/application (Duration: 1.5ms | Allocations: 1022)
Completed 200 OK in 7ms (Views: 6.0ms | ActiveRecord: 0.0ms | Allocations: 4063)


Started GET "/" for 127.0.0.1 at 2020-06-02 16:59:03 +0530
Processing by PagesController#welcome as HTML
  Parameters: {"page"=>"home"}
  Rendering pages/welcome.html.erb within layouts/application
  Rendered pages/welcome.html.erb within layouts/application (Duration: 1.7ms | Allocations: 1022)
Completed 200 OK in 8ms (Views: 6.7ms | ActiveRecord: 0.0ms | Allocations: 4069)


Started GET "/" for ::1 at 2020-06-02 16:59:27 +0530
Processing by PagesController#welcome as HTML
  Parameters: {"page"=>"home"}
  Rendering pages/welcome.html.erb within layouts/application
  Rendered pages/welcome.html.erb within layouts/application (Duration: 3.0ms | Allocations: 1022)
Completed 200 OK in 11ms (Views: 10.1ms | ActiveRecord: 0.0ms | Allocations: 3669)


Started GET "/" for 127.0.0.1 at 2020-06-02 16:59:27 +0530
Processing by PagesController#welcome as HTML
  Parameters: {"page"=>"home"}
  Rendering pages/welcome.html.erb within layouts/application
  Rendered pages/welcome.html.erb within layouts/application (Duration: 2.3ms | Allocations: 1022)
Completed 200 OK in 8ms (Views: 7.2ms | ActiveRecord: 0.0ms | Allocations: 4069)


Started GET "/" for 127.0.0.1 at 2020-06-02 16:59:45 +0530
Processing by PagesController#welcome as HTML
  Parameters: {"page"=>"home"}
  Rendering pages/welcome.html.erb within layouts/application
  Rendered pages/welcome.html.erb within layouts/application (Duration: 1.7ms | Allocations: 1022)
Completed 200 OK in 8ms (Views: 6.8ms | ActiveRecord: 0.0ms | Allocations: 4057)


Started GET "/" for ::1 at 2020-06-02 16:59:46 +0530
Processing by PagesController#welcome as HTML
  Parameters: {"page"=>"home"}
  Rendering pages/welcome.html.erb within layouts/application
  Rendered pages/welcome.html.erb within layouts/application (Duration: 1.5ms | Allocations: 1022)
Completed 200 OK in 6ms (Views: 5.2ms | ActiveRecord: 0.0ms | Allocations: 3673)


Started GET "/" for 127.0.0.1 at 2020-06-02 16:59:59 +0530
Processing by PagesController#welcome as HTML
  Parameters: {"page"=>"home"}
  Rendering pages/welcome.html.erb within layouts/application
  Rendered pages/welcome.html.erb within layouts/application (Duration: 1.7ms | Allocations: 1022)
Completed 200 OK in 9ms (Views: 8.1ms | ActiveRecord: 0.0ms | Allocations: 4055)


Started GET "/" for ::1 at 2020-06-02 17:00:00 +0530
Processing by PagesController#welcome as HTML
  Parameters: {"page"=>"home"}
  Rendering pages/welcome.html.erb within layouts/application
  Rendered pages/welcome.html.erb within layouts/application (Duration: 2.0ms | Allocations: 1022)
Completed 200 OK in 7ms (Views: 6.0ms | ActiveRecord: 0.0ms | Allocations: 3655)


Started GET "/" for 127.0.0.1 at 2020-06-02 17:00:03 +0530
Processing by PagesController#welcome as HTML
  Parameters: {"page"=>"home"}
  Rendering pages/welcome.html.erb within layouts/application
  Rendered pages/welcome.html.erb within layouts/application (Duration: 2.2ms | Allocations: 1022)
Completed 200 OK in 10ms (Views: 7.6ms | ActiveRecord: 0.0ms | Allocations: 4061)


Started GET "/" for 127.0.0.1 at 2020-06-02 17:00:29 +0530
Processing by PagesController#welcome as HTML
  Parameters: {"page"=>"home"}
  Rendering pages/welcome.html.erb within layouts/application
  Rendered pages/welcome.html.erb within layouts/application (Duration: 1.4ms | Allocations: 1022)
Completed 200 OK in 6ms (Views: 5.5ms | ActiveRecord: 0.0ms | Allocations: 4069)


Started GET "/" for ::1 at 2020-06-02 17:00:29 +0530
Processing by PagesController#welcome as HTML
  Parameters: {"page"=>"home"}
  Rendering pages/welcome.html.erb within layouts/application
  Rendered pages/welcome.html.erb within layouts/application (Duration: 2.7ms | Allocations: 1022)
Completed 200 OK in 6ms (Views: 5.9ms | ActiveRecord: 0.0ms | Allocations: 3659)


Started GET "/" for ::1 at 2020-06-02 17:02:47 +0530
Processing by PagesController#welcome as HTML
  Parameters: {"page"=>"home"}
  Rendering pages/welcome.html.erb within layouts/application
  Rendered pages/welcome.html.erb within layouts/application (Duration: 5.1ms | Allocations: 1022)
Completed 200 OK in 19ms (Views: 15.6ms | ActiveRecord: 0.0ms | Allocations: 3665)


Started GET "/" for 127.0.0.1 at 2020-06-02 17:02:47 +0530
Processing by PagesController#welcome as HTML
  Parameters: {"page"=>"home"}
  Rendering pages/welcome.html.erb within layouts/application
  Rendered pages/welcome.html.erb within layouts/application (Duration: 1.9ms | Allocations: 1022)
Completed 200 OK in 7ms (Views: 5.6ms | ActiveRecord: 0.0ms | Allocations: 4049)


Started GET "/" for ::1 at 2020-06-02 17:03:21 +0530
Processing by PagesController#welcome as HTML
  Parameters: {"page"=>"home"}
  Rendering pages/welcome.html.erb within layouts/application
  Rendered pages/welcome.html.erb within layouts/application (Duration: 5.4ms | Allocations: 1022)
Completed 200 OK in 12ms (Views: 10.9ms | ActiveRecord: 0.0ms | Allocations: 3671)


Started GET "/" for ::1 at 2020-06-02 17:03:31 +0530
Processing by PagesController#welcome as HTML
  Parameters: {"page"=>"home"}
  Rendering pages/welcome.html.erb within layouts/application
  Rendered pages/welcome.html.erb within layouts/application (Duration: 2.2ms | Allocations: 1010)
Completed 200 OK in 8ms (Views: 7.0ms | ActiveRecord: 0.0ms | Allocations: 3637)


Started GET "/" for 127.0.0.1 at 2020-06-02 17:03:31 +0530
Processing by PagesController#welcome as HTML
  Parameters: {"page"=>"home"}
  Rendering pages/welcome.html.erb within layouts/application
  Rendered pages/welcome.html.erb within layouts/application (Duration: 2.3ms | Allocations: 1010)
Completed 200 OK in 7ms (Views: 6.4ms | ActiveRecord: 0.0ms | Allocations: 4037)


Started GET "/" for ::1 at 2020-06-02 17:03:33 +0530
Processing by PagesController#welcome as HTML
  Parameters: {"page"=>"home"}
  Rendering pages/welcome.html.erb within layouts/application
  Rendered pages/welcome.html.erb within layouts/application (Duration: 2.9ms | Allocations: 1013)
Completed 200 OK in 11ms (Views: 8.8ms | ActiveRecord: 0.0ms | Allocations: 3652)


Started GET "/" for 127.0.0.1 at 2020-06-02 17:03:55 +0530
Processing by PagesController#welcome as HTML
  Parameters: {"page"=>"home"}
  Rendering pages/welcome.html.erb within layouts/application
  Rendered pages/welcome.html.erb within layouts/application (Duration: 4.3ms | Allocations: 1010)
Completed 200 OK in 8ms (Views: 7.3ms | ActiveRecord: 0.0ms | Allocations: 4033)


Started GET "/" for ::1 at 2020-06-02 17:03:55 +0530
Processing by PagesController#welcome as HTML
  Parameters: {"page"=>"home"}
  Rendering pages/welcome.html.erb within layouts/application
  Rendered pages/welcome.html.erb within layouts/application (Duration: 3.8ms | Allocations: 1010)
Completed 200 OK in 15ms (Views: 14.1ms | ActiveRecord: 0.0ms | Allocations: 3645)


